Using pre-set license
Built from '2020.3/staging' branch; Version is '2020.3.5f1 (8095aa901b9b) revision 8426922'; Using compiler version '192528614'; Build Type 'Release'
OS: 'Windows 10 Home Single Language; OS build 19042.1466; Version 2009; 64bit' Language: 'es' Physical Memory: 16226 MB
BatchMode: 1, IsHumanControllingUs: 0, StartBugReporterOnCrash: 0, Is64bit: 1, IsPro: 0

 COMMAND LINE ARGUMENTS:
C:\Program Files\Unity\Hub\Editor\2020.3.5f1\Editor\Unity.exe
-adb2
-batchMode
-noUpm
-name
AssetImportWorker0
-projectPath
C:/Users/matia/Desktop/Matias A. Vallejos/Github/Github.Personal/unity-casino-roulette-game/casino-roullete-game
-logFile
Logs/AssetImportWorker0.log
-srvPort
58058
Successfully changed project path to: C:/Users/matia/Desktop/Matias A. Vallejos/Github/Github.Personal/unity-casino-roulette-game/casino-roullete-game
C:/Users/matia/Desktop/Matias A. Vallejos/Github/Github.Personal/unity-casino-roulette-game/casino-roullete-game
Using Asset Import Pipeline V2.
Refreshing native plugins compatible for Editor in 108.97 ms, found 3 plugins.
Preloading 0 native plugins for Editor in 0.00 ms.
Initialize engine version: 2020.3.5f1 (8095aa901b9b)
[Subsystems] Discovering subsystems at path C:/Program Files/Unity/Hub/Editor/2020.3.5f1/Editor/Data/Resources/UnitySubsystems
[Subsystems] Discovering subsystems at path C:/Users/matia/Desktop/Matias A. Vallejos/Github/Github.Personal/unity-casino-roulette-game/casino-roullete-game/Assets
GfxDevice: creating device client; threaded=0
Direct3D:
    Version:  Direct3D 11.0 [level 11.1]
    Renderer: NVIDIA GeForce GTX 1050 (ID=0x1c8d)
    Vendor:   
    VRAM:     4019 MB
    Driver:   30.0.15.1123
Initialize mono
Mono path[0] = 'C:/Program Files/Unity/Hub/Editor/2020.3.5f1/Editor/Data/Managed'
Mono path[1] = 'C:/Program Files/Unity/Hub/Editor/2020.3.5f1/Editor/Data/MonoBleedingEdge/lib/mono/unityjit'
Mono config path = 'C:/Program Files/Unity/Hub/Editor/2020.3.5f1/Editor/Data/MonoBleedingEdge/etc'
Using monoOptions --debugger-agent=transport=dt_socket,embedding=1,server=y,suspend=n,address=127.0.0.1:56436
Begin MonoManager ReloadAssembly
Registering precompiled unity dll's ...
Register platform support module: C:/Program Files/Unity/Hub/Editor/2020.3.5f1/Editor/Data/PlaybackEngines/WebGLSupport/UnityEditor.WebGL.Extensions.dll
Register platform support module: C:/Program Files/Unity/Hub/Editor/2020.3.5f1/Editor/Data/PlaybackEngines/WindowsStandaloneSupport/UnityEditor.WindowsStandalone.Extensions.dll
Registered in 0.004343 seconds.
Native extension for WindowsStandalone target not found
Native extension for WebGL target not found
Refreshing native plugins compatible for Editor in 83.13 ms, found 3 plugins.
Preloading 0 native plugins for Editor in 0.00 ms.
Mono: successfully reloaded assembly
- Completed reload, in  3.871 seconds
Platform modules already initialized, skipping
Registering precompiled user dll's ...
Registered in 0.009496 seconds.
Begin MonoManager ReloadAssembly
Native extension for WindowsStandalone target not found
Native extension for WebGL target not found
Refreshing native plugins compatible for Editor in 0.82 ms, found 3 plugins.
Preloading 0 native plugins for Editor in 0.00 ms.
Mono: successfully reloaded assembly
- Completed reload, in  1.450 seconds
Platform modules already initialized, skipping
========================================================================
Worker process is ready to serve import requests
Launched and connected shader compiler UnityShaderCompiler.exe after 0.08 seconds
Refreshing native plugins compatible for Editor in 0.98 ms, found 3 plugins.
Preloading 0 native plugins for Editor in 0.00 ms.
Unloading 2045 Unused Serialized files (Serialized files now loaded: 0)
System memory in use before: 107.0 MB.
System memory in use after: 107.1 MB.

Unloading 43 unused Assets to reduce memory usage. Loaded Objects now: 2489.
Total: 2.912800 ms (FindLiveObjects: 0.262500 ms CreateObjectMapping: 0.117800 ms MarkObjects: 2.488900 ms  DeleteObjects: 0.041400 ms)

========================================================================
Received Import Request.
  path: Assets/Scripts/Commands/command factory
  artifactKey: Guid(e14317551ce162c43a1d43e173c962b1) Importer(815301076,1909f56bfc062723c751e8b465ee728b)
Start importing Assets/Scripts/Commands/command factory using Guid(e14317551ce162c43a1d43e173c962b1) Importer(815301076,1909f56bfc062723c751e8b465ee728b)  -> (artifact id: 'efef1a06562b0c7d753a47badd52e7c3') in 0.015269 seconds
  Import took 0.020422 seconds .

========================================================================
Received Import Request.
  Time since last request: 0.000486 seconds.
  path: Assets/Scripts/Commands/command factory/GameCmdFactory.cs
  artifactKey: Guid(ffd0daca90ce9da438182708dc2d1a72) Importer(815301076,1909f56bfc062723c751e8b465ee728b)
Start importing Assets/Scripts/Commands/command factory/GameCmdFactory.cs using Guid(ffd0daca90ce9da438182708dc2d1a72) Importer(815301076,1909f56bfc062723c751e8b465ee728b)  -> (artifact id: '790c0a1603a2b08b61e708a18700cf58') in 0.082356 seconds
  Import took 0.087164 seconds .

========================================================================
Received Import Request.
  Time since last request: 0.000562 seconds.
  path: Assets/Scripts/Commands/game audio
  artifactKey: Guid(39cfffe2c54366246960218cf2ac27d8) Importer(815301076,1909f56bfc062723c751e8b465ee728b)
Start importing Assets/Scripts/Commands/game audio using Guid(39cfffe2c54366246960218cf2ac27d8) Importer(815301076,1909f56bfc062723c751e8b465ee728b)  -> (artifact id: '891e5ff8cc4b83258dbfaa4573c33d81') in 0.010997 seconds
  Import took 0.016366 seconds .

========================================================================
Received Import Request.
  Time since last request: 0.000525 seconds.
  path: Assets/Scripts/Commands/game audio/MusicTurnCmd.cs
  artifactKey: Guid(98b9ec69436642947b6842a649a60067) Importer(815301076,1909f56bfc062723c751e8b465ee728b)
Start importing Assets/Scripts/Commands/game audio/MusicTurnCmd.cs using Guid(98b9ec69436642947b6842a649a60067) Importer(815301076,1909f56bfc062723c751e8b465ee728b)  -> (artifact id: '83fd08c28cc0fb903421b69e05fdd6b5') in 0.010996 seconds
  Import took 0.016406 seconds .

========================================================================
Received Import Request.
  Time since last request: 4.132517 seconds.
  path: Assets/Scripts/Commands/game ui/ChipSelectTurnCmd.cs
  artifactKey: Guid(ffca4d034a263284187b64dbd1454de3) Importer(815301076,1909f56bfc062723c751e8b465ee728b)
Start importing Assets/Scripts/Commands/game ui/ChipSelectTurnCmd.cs using Guid(ffca4d034a263284187b64dbd1454de3) Importer(815301076,1909f56bfc062723c751e8b465ee728b)  -> (artifact id: 'c3ddc26c51d43e177e21cd91fb0a2ae5') in 0.009607 seconds
  Import took 0.014158 seconds .

AssetImportWorkerClient::OnTransportError - code=2 error=End of file
